2021.01.06 19:50:16 INFO  Started: Metals version 0.9.8 in workspace '/home/gapsong/Documents/LeetCode' for client vscode.
2021.01.06 19:50:17 INFO  time: initialize in 1.25s
2021.01.06 19:50:17 WARN  Build server is not auto-connectable.
2021.01.06 19:50:17 WARN  no build tool detected in workspace '/home/gapsong/Documents/LeetCode'. The most common cause for this problem is that the editor was opened in the wrong working directory, for example if you use sbt then the workspace directory should contain build.sbt. 
2021.01.06 19:50:17 WARN  no build target for: /home/gapsong/Documents/LeetCode/498.scala
2021.01.06 19:50:20 INFO  no build target: using presentation compiler with only scala-library
Jan 06, 2021 7:50:20 PM org.eclipse.lsp4j.jsonrpc.RemoteEndpoint handleCancellation
WARNING: Unmatched cancel notification for request id 3
Jan 06, 2021 7:50:20 PM org.eclipse.lsp4j.jsonrpc.RemoteEndpoint handleCancellation
WARNING: Unmatched cancel notification for request id 5
Jan 06, 2021 7:51:00 PM org.eclipse.lsp4j.jsonrpc.RemoteEndpoint handleCancellation
WARNING: Unmatched cancel notification for request id 20
Jan 06, 2021 7:51:00 PM org.eclipse.lsp4j.jsonrpc.RemoteEndpoint handleCancellation
WARNING: Unmatched cancel notification for request id 21
Jan 06, 2021 7:51:00 PM org.eclipse.lsp4j.jsonrpc.RemoteEndpoint handleCancellation
WARNING: Unmatched cancel notification for request id 22
2021.01.06 19:51:04 WARN  no build target for: /home/gapsong/Documents/LeetCode/498.scala
2021.01.06 19:52:24 INFO  shutting down Metals
2021.01.06 19:52:50 INFO  Started: Metals version 0.9.8 in workspace '/home/gapsong/Documents/LeetCode' for client vscode.
2021.01.06 19:52:51 INFO  time: initialize in 1.31s
2021.01.06 19:52:52 WARN  Build server is not auto-connectable.
2021.01.06 19:52:52 WARN  no build tool detected in workspace '/home/gapsong/Documents/LeetCode'. The most common cause for this problem is that the editor was opened in the wrong working directory, for example if you use sbt then the workspace directory should contain build.sbt. 
2021.01.06 19:52:52 WARN  no build target for: /home/gapsong/Documents/LeetCode/498.scala
2021.01.06 19:52:54 INFO  no build target: using presentation compiler with only scala-library
Jan 06, 2021 7:52:54 PM org.eclipse.lsp4j.jsonrpc.RemoteEndpoint handleCancellation
WARNING: Unmatched cancel notification for request id 2
Jan 06, 2021 8:57:33 PM org.eclipse.lsp4j.jsonrpc.services.GenericEndpoint notify
INFO: Unsupported notification method: $/setTraceNotification
Jan 06, 2021 8:59:28 PM org.eclipse.lsp4j.jsonrpc.services.GenericEndpoint notify
INFO: Unsupported notification method: $/setTraceNotification
Jan 06, 2021 8:59:43 PM org.eclipse.lsp4j.jsonrpc.services.GenericEndpoint notify
INFO: Unsupported notification method: $/setTraceNotification
2021.01.06 21:49:57 INFO  shutting down Metals
